<?xml version="1.0" encoding="UTF-8"?>
<!-- Generated by org.testng.reporters.JUnitReportReporter -->
<testsuite hostname="DESKTOP-73JM3I5" failures="0" tests="1" name="TestSuite.Travel" time="36.394" errors="0" timestamp="06 Dec 2022 16:21:04 GMT" skipped="0">
  <testcase classname="TestSuite.Travel" name="testing" time="36.394"/>
</testsuite> <!-- TestSuite.Travel -->
